This file contains any messages produced by compilers while
running configure, to aid debugging if configure makes a mistake.

It was created by tilda configure 0.7, which was
generated by GNU Autoconf 2.59.  Invocation command line was

  $ ./configure 

## --------- ##
## Platform. ##
## --------- ##

hostname = kfg
uname -m = i686
uname -r = 2.6.11-gentoo-r3
uname -s = Linux
uname -v = #3 SMP Mon Jun 27 11:59:55 CDT 2005

/usr/bin/uname -p = Intel(R) Celeron(R) CPU 1.70GHz
/bin/uname -X     = unknown

/bin/arch              = i686
/usr/bin/arch -k       = unknown
/usr/convex/getsysinfo = unknown
hostinfo               = unknown
/bin/machine           = unknown
/usr/bin/oslevel       = unknown
/bin/universe          = unknown

PATH: /usr/local/bin
PATH: /usr/bin
PATH: /bin
PATH: /opt/bin
PATH: /usr/i686-pc-linux-gnu/gcc-bin/3.3.5-20050130
PATH: /opt/sun-jdk-1.4.2.08/bin
PATH: /opt/sun-jdk-1.4.2.08/jre/bin
PATH: /opt/sun-jdk-1.4.2.08/jre/javaws
PATH: /usr/qt/3/bin
PATH: /usr/kde/3.3/bin


## ----------- ##
## Core tests. ##
## ----------- ##

configure:1361: checking for a BSD-compatible install
configure:1416: result: /usr/bin/install -c
configure:1427: checking whether build environment is sane
configure:1470: result: yes
configure:1535: checking for gawk
configure:1551: found /usr/bin/gawk
configure:1561: result: gawk
configure:1571: checking whether make sets $(MAKE)
configure:1591: result: yes
configure:1810: checking for gcc
configure:1826: found /usr/bin/gcc
configure:1836: result: gcc
configure:2080: checking for C compiler version
configure:2083: gcc --version </dev/null >&5
gcc (GCC) 3.3.5-20050130 (Gentoo 3.3.5.20050130-r1, ssp-3.3.5.20050130-1, pie-8.7.7.1)
Copyright (C) 2003 Free Software Foundation, Inc.
This is free software; see the source for copying conditions.  There is NO
warranty; not even for MERCHANTABILITY or FITNESS FOR A PARTICULAR PURPOSE.

configure:2086: $? = 0
configure:2088: gcc -v </dev/null >&5
Reading specs from /usr/lib/gcc-lib/i686-pc-linux-gnu/3.3.5-20050130/specs
Configured with: /var/tmp/portage/gcc-3.3.5.20050130-r1/work/gcc-3.3.5/configure --enable-version-specific-runtime-libs --prefix=/usr --bindir=/usr/i686-pc-linux-gnu/gcc-bin/3.3.5-20050130 --includedir=/usr/lib/gcc-lib/i686-pc-linux-gnu/3.3.5-20050130/include --datadir=/usr/share/gcc-data/i686-pc-linux-gnu/3.3.5-20050130 --mandir=/usr/share/gcc-data/i686-pc-linux-gnu/3.3.5-20050130/man --infodir=/usr/share/gcc-data/i686-pc-linux-gnu/3.3.5-20050130/info --with-gxx-include-dir=/usr/lib/gcc-lib/i686-pc-linux-gnu/3.3.5-20050130/include/g++-v3 --host=i686-pc-linux-gnu --disable-altivec --enable-nls --without-included-gettext --with-system-zlib --disable-checking --disable-werror --disable-libunwind-exceptions --disable-multilib --disable-libgcj --enable-languages=c,c++,f77 --enable-shared --enable-threads=posix --enable-__cxa_atexit --enable-clocale=gnu
Thread model: posix
gcc version 3.3.5-20050130 (Gentoo 3.3.5.20050130-r1, ssp-3.3.5.20050130-1, pie-8.7.7.1)
configure:2091: $? = 0
configure:2093: gcc -V </dev/null >&5
gcc: `-V' option must have argument
configure:2096: $? = 1
configure:2119: checking for C compiler default output file name
configure:2122: gcc    conftest.c  >&5
configure:2125: $? = 0
configure:2171: result: a.out
configure:2176: checking whether the C compiler works
configure:2182: ./a.out
configure:2185: $? = 0
configure:2202: result: yes
configure:2209: checking whether we are cross compiling
configure:2211: result: no
configure:2214: checking for suffix of executables
configure:2216: gcc -o conftest    conftest.c  >&5
configure:2219: $? = 0
configure:2244: result: 
configure:2250: checking for suffix of object files
configure:2271: gcc -c   conftest.c >&5
configure:2274: $? = 0
configure:2296: result: o
configure:2300: checking whether we are using the GNU C compiler
configure:2324: gcc -c   conftest.c >&5
configure:2330: $? = 0
configure:2333: test -z 			 || test ! -s conftest.err
configure:2336: $? = 0
configure:2339: test -s conftest.o
configure:2342: $? = 0
configure:2355: result: yes
configure:2361: checking whether gcc accepts -g
configure:2382: gcc -c -g  conftest.c >&5
configure:2388: $? = 0
configure:2391: test -z 			 || test ! -s conftest.err
configure:2394: $? = 0
configure:2397: test -s conftest.o
configure:2400: $? = 0
configure:2411: result: yes
configure:2428: checking for gcc option to accept ANSI C
configure:2498: gcc  -c -g -O2  conftest.c >&5
configure:2504: $? = 0
configure:2507: test -z 			 || test ! -s conftest.err
configure:2510: $? = 0
configure:2513: test -s conftest.o
configure:2516: $? = 0
configure:2534: result: none needed
configure:2552: gcc -c -g -O2  conftest.c >&5
conftest.c:2: error: syntax error before "me"
configure:2558: $? = 1
configure: failed program was:
| #ifndef __cplusplus
|   choke me
| #endif
configure:2699: checking for style of include used by make
configure:2727: result: GNU
configure:2755: checking dependency style of gcc
configure:2845: result: gcc3
configure:2872: checking for pkg-config
configure:2890: found /usr/bin/pkg-config
configure:2903: result: /usr/bin/pkg-config
configure:2920: checking for gtk+-2.0 >= 2.0.0, gthread-2.0, vte
configure:2924: result: yes
configure:2928: checking PACKAGE_CFLAGS
configure:2931: result: -DXTHREADS -D_REENTRANT -DXUSE_MTSAFE_API -pthread -I/usr/include/gtk-2.0 -I/usr/lib/gtk-2.0/include -I/usr/include/atk-1.0 -I/usr/include/pango-1.0 -I/usr/include/freetype2 -I/usr/include/freetype2/config -I/usr/include/glib-2.0 -I/usr/lib/glib-2.0/include  
configure:2934: checking PACKAGE_LIBS
configure:2937: result: -pthread -lgthread-2.0 -lvte -lz -lncurses -lSM -lICE -lXft -lX11 -lfreetype -lXrender -lgtk-x11-2.0 -lfontconfig -lgdk-x11-2.0 -latk-1.0 -lgdk_pixbuf-2.0 -lm -lpangoxft-1.0 -lpangox-1.0 -lpango-1.0 -lgobject-2.0 -lgmodule-2.0 -ldl -lglib-2.0  
configure:2976: checking how to run the C preprocessor
configure:3011: gcc -E  conftest.c
configure:3017: $? = 0
configure:3049: gcc -E  conftest.c
conftest.c:11:28: ac_nonexistent.h: No such file or directory
configure:3055: $? = 1
configure: failed program was:
| /* confdefs.h.  */
| 
| #define PACKAGE_NAME "tilda"
| #define PACKAGE_TARNAME "tilda"
| #define PACKAGE_VERSION "0.7"
| #define PACKAGE_STRING "tilda 0.7"
| #define PACKAGE_BUGREPORT "sloutri@iit.edu"
| #define PACKAGE "tilda"
| #define VERSION "0.7"
| /* end confdefs.h.  */
| #include <ac_nonexistent.h>
configure:3094: result: gcc -E
configure:3118: gcc -E  conftest.c
configure:3124: $? = 0
configure:3156: gcc -E  conftest.c
conftest.c:11:28: ac_nonexistent.h: No such file or directory
configure:3162: $? = 1
configure: failed program was:
| /* confdefs.h.  */
| 
| #define PACKAGE_NAME "tilda"
| #define PACKAGE_TARNAME "tilda"
| #define PACKAGE_VERSION "0.7"
| #define PACKAGE_STRING "tilda 0.7"
| #define PACKAGE_BUGREPORT "sloutri@iit.edu"
| #define PACKAGE "tilda"
| #define VERSION "0.7"
| /* end confdefs.h.  */
| #include <ac_nonexistent.h>
configure:3206: checking for X
configure:3312: gcc -E  conftest.c
configure:3318: $? = 0
configure:3368: gcc -o conftest -g -O2   conftest.c -lXt  >&5
configure:3374: $? = 0
configure:3377: test -z 			 || test ! -s conftest.err
configure:3380: $? = 0
configure:3383: test -s conftest
configure:3386: $? = 0
configure:3440: result: libraries , headers in standard search path
configure:3444: checking for egrep
configure:3454: result: grep -E
configure:3459: checking for ANSI C header files
configure:3484: gcc -c -g -O2  conftest.c >&5
configure:3490: $? = 0
configure:3493: test -z 			 || test ! -s conftest.err
configure:3496: $? = 0
configure:3499: test -s conftest.o
configure:3502: $? = 0
configure:3591: gcc -o conftest -g -O2   conftest.c  >&5
configure:3594: $? = 0
configure:3596: ./conftest
configure:3599: $? = 0
configure:3614: result: yes
configure:3638: checking for sys/types.h
configure:3654: gcc -c -g -O2  conftest.c >&5
configure:3660: $? = 0
configure:3663: test -z 			 || test ! -s conftest.err
configure:3666: $? = 0
configure:3669: test -s conftest.o
configure:3672: $? = 0
configure:3683: result: yes
configure:3638: checking for sys/stat.h
configure:3654: gcc -c -g -O2  conftest.c >&5
configure:3660: $? = 0
configure:3663: test -z 			 || test ! -s conftest.err
configure:3666: $? = 0
configure:3669: test -s conftest.o
configure:3672: $? = 0
configure:3683: result: yes
configure:3638: checking for stdlib.h
configure:3654: gcc -c -g -O2  conftest.c >&5
configure:3660: $? = 0
configure:3663: test -z 			 || test ! -s conftest.err
configure:3666: $? = 0
configure:3669: test -s conftest.o
configure:3672: $? = 0
configure:3683: result: yes
configure:3638: checking for string.h
configure:3654: gcc -c -g -O2  conftest.c >&5
configure:3660: $? = 0
configure:3663: test -z 			 || test ! -s conftest.err
configure:3666: $? = 0
configure:3669: test -s conftest.o
configure:3672: $? = 0
configure:3683: result: yes
configure:3638: checking for memory.h
configure:3654: gcc -c -g -O2  conftest.c >&5
configure:3660: $? = 0
configure:3663: test -z 			 || test ! -s conftest.err
configure:3666: $? = 0
configure:3669: test -s conftest.o
configure:3672: $? = 0
configure:3683: result: yes
configure:3638: checking for strings.h
configure:3654: gcc -c -g -O2  conftest.c >&5
configure:3660: $? = 0
configure:3663: test -z 			 || test ! -s conftest.err
configure:3666: $? = 0
configure:3669: test -s conftest.o
configure:3672: $? = 0
configure:3683: result: yes
configure:3638: checking for inttypes.h
configure:3654: gcc -c -g -O2  conftest.c >&5
configure:3660: $? = 0
configure:3663: test -z 			 || test ! -s conftest.err
configure:3666: $? = 0
configure:3669: test -s conftest.o
configure:3672: $? = 0
configure:3683: result: yes
configure:3638: checking for stdint.h
configure:3654: gcc -c -g -O2  conftest.c >&5
configure:3660: $? = 0
configure:3663: test -z 			 || test ! -s conftest.err
configure:3666: $? = 0
configure:3669: test -s conftest.o
configure:3672: $? = 0
configure:3683: result: yes
configure:3638: checking for unistd.h
configure:3654: gcc -c -g -O2  conftest.c >&5
configure:3660: $? = 0
configure:3663: test -z 			 || test ! -s conftest.err
configure:3666: $? = 0
configure:3669: test -s conftest.o
configure:3672: $? = 0
configure:3683: result: yes
configure:3715: checking fcntl.h usability
configure:3727: gcc -c -g -O2  conftest.c >&5
configure:3733: $? = 0
configure:3736: test -z 			 || test ! -s conftest.err
configure:3739: $? = 0
configure:3742: test -s conftest.o
configure:3745: $? = 0
configure:3755: result: yes
configure:3759: checking fcntl.h presence
configure:3769: gcc -E  conftest.c
configure:3775: $? = 0
configure:3795: result: yes
configure:3830: checking for fcntl.h
configure:3837: result: yes
configure:3715: checking malloc.h usability
configure:3727: gcc -c -g -O2  conftest.c >&5
configure:3733: $? = 0
configure:3736: test -z 			 || test ! -s conftest.err
configure:3739: $? = 0
configure:3742: test -s conftest.o
configure:3745: $? = 0
configure:3755: result: yes
configure:3759: checking malloc.h presence
configure:3769: gcc -E  conftest.c
configure:3775: $? = 0
configure:3795: result: yes
configure:3830: checking for malloc.h
configure:3837: result: yes
configure:3706: checking for stdlib.h
configure:3711: result: yes
configure:3706: checking for string.h
configure:3711: result: yes
configure:3706: checking for strings.h
configure:3711: result: yes
configure:3715: checking sys/ioctl.h usability
configure:3727: gcc -c -g -O2  conftest.c >&5
configure:3733: $? = 0
configure:3736: test -z 			 || test ! -s conftest.err
configure:3739: $? = 0
configure:3742: test -s conftest.o
configure:3745: $? = 0
configure:3755: result: yes
configure:3759: checking sys/ioctl.h presence
configure:3769: gcc -E  conftest.c
configure:3775: $? = 0
configure:3795: result: yes
configure:3830: checking for sys/ioctl.h
configure:3837: result: yes
configure:3706: checking for unistd.h
configure:3711: result: yes
configure:3852: checking for an ANSI C-conforming const
configure:3919: gcc -c -g -O2  conftest.c >&5
configure:3925: $? = 0
configure:3928: test -z 			 || test ! -s conftest.err
configure:3931: $? = 0
configure:3934: test -s conftest.o
configure:3937: $? = 0
configure:3948: result: yes
configure:3958: checking for pid_t
configure:3982: gcc -c -g -O2  conftest.c >&5
configure:3988: $? = 0
configure:3991: test -z 			 || test ! -s conftest.err
configure:3994: $? = 0
configure:3997: test -s conftest.o
configure:4000: $? = 0
configure:4011: result: yes
configure:4023: checking for size_t
configure:4047: gcc -c -g -O2  conftest.c >&5
configure:4053: $? = 0
configure:4056: test -z 			 || test ! -s conftest.err
configure:4059: $? = 0
configure:4062: test -s conftest.o
configure:4065: $? = 0
configure:4076: result: yes
configure:4095: checking for stdlib.h
configure:4100: result: yes
configure:4239: checking for GNU libc compatible malloc
configure:4268: gcc -o conftest -g -O2   conftest.c  >&5
configure:4271: $? = 0
configure:4273: ./conftest
configure:4276: $? = 0
configure:4290: result: yes
configure:4320: checking for working strtod
configure:4363: gcc -o conftest -g -O2   conftest.c  >&5
configure:4366: $? = 0
configure:4368: ./conftest
configure:4371: $? = 0
configure:4385: result: yes
configure:4570: checking for mkdir
configure:4627: gcc -o conftest -g -O2   conftest.c  >&5
configure:4633: $? = 0
configure:4636: test -z 			 || test ! -s conftest.err
configure:4639: $? = 0
configure:4642: test -s conftest
configure:4645: $? = 0
configure:4657: result: yes
configure:4570: checking for strcasecmp
configure:4627: gcc -o conftest -g -O2   conftest.c  >&5
configure:4633: $? = 0
configure:4636: test -z 			 || test ! -s conftest.err
configure:4639: $? = 0
configure:4642: test -s conftest
configure:4645: $? = 0
configure:4657: result: yes
configure:4570: checking for strchr
configure:4627: gcc -o conftest -g -O2   conftest.c  >&5
conftest.c:56: warning: conflicting types for built-in function `strchr'
configure:4633: $? = 0
configure:4636: test -z 			 || test ! -s conftest.err
configure:4639: $? = 0
configure:4642: test -s conftest
configure:4645: $? = 0
configure:4657: result: yes
configure:4570: checking for strncasecmp
configure:4627: gcc -o conftest -g -O2   conftest.c  >&5
configure:4633: $? = 0
configure:4636: test -z 			 || test ! -s conftest.err
configure:4639: $? = 0
configure:4642: test -s conftest
configure:4645: $? = 0
configure:4657: result: yes
configure:4570: checking for strstr
configure:4627: gcc -o conftest -g -O2   conftest.c  >&5
conftest.c:58: warning: conflicting types for built-in function `strstr'
configure:4633: $? = 0
configure:4636: test -z 			 || test ! -s conftest.err
configure:4639: $? = 0
configure:4642: test -s conftest
configure:4645: $? = 0
configure:4657: result: yes
configure:4570: checking for strtol
configure:4627: gcc -o conftest -g -O2   conftest.c  >&5
configure:4633: $? = 0
configure:4636: test -z 			 || test ! -s conftest.err
configure:4639: $? = 0
configure:4642: test -s conftest
configure:4645: $? = 0
configure:4657: result: yes
configure:4779: creating ./config.status

## ---------------------- ##
## Running config.status. ##
## ---------------------- ##

This file was extended by tilda config.status 0.7, which was
generated by GNU Autoconf 2.59.  Invocation command line was

  CONFIG_FILES    = 
  CONFIG_HEADERS  = 
  CONFIG_LINKS    = 
  CONFIG_COMMANDS = 
  $ ./config.status 

on kfg

config.status:733: creating Makefile
config.status:733: creating src/Makefile
config.status:799: creating tilda-config.h
config.status:935: tilda-config.h is unchanged
config.status:1115: executing depfiles commands

## ---------------- ##
## Cache variables. ##
## ---------------- ##

ac_cv_c_compiler_gnu=yes
ac_cv_c_const=yes
ac_cv_env_CC_set=
ac_cv_env_CC_value=
ac_cv_env_CFLAGS_set=
ac_cv_env_CFLAGS_value=
ac_cv_env_CPPFLAGS_set=
ac_cv_env_CPPFLAGS_value=
ac_cv_env_CPP_set=
ac_cv_env_CPP_value=
ac_cv_env_LDFLAGS_set=
ac_cv_env_LDFLAGS_value=
ac_cv_env_build_alias_set=
ac_cv_env_build_alias_value=
ac_cv_env_host_alias_set=
ac_cv_env_host_alias_value=
ac_cv_env_target_alias_set=
ac_cv_env_target_alias_value=
ac_cv_exeext=
ac_cv_func_malloc_0_nonnull=yes
ac_cv_func_mkdir=yes
ac_cv_func_strcasecmp=yes
ac_cv_func_strchr=yes
ac_cv_func_strncasecmp=yes
ac_cv_func_strstr=yes
ac_cv_func_strtod=yes
ac_cv_func_strtol=yes
ac_cv_have_x='have_x=yes 		ac_x_includes= ac_x_libraries='
ac_cv_header_fcntl_h=yes
ac_cv_header_inttypes_h=yes
ac_cv_header_malloc_h=yes
ac_cv_header_memory_h=yes
ac_cv_header_stdc=yes
ac_cv_header_stdint_h=yes
ac_cv_header_stdlib_h=yes
ac_cv_header_string_h=yes
ac_cv_header_strings_h=yes
ac_cv_header_sys_ioctl_h=yes
ac_cv_header_sys_stat_h=yes
ac_cv_header_sys_types_h=yes
ac_cv_header_unistd_h=yes
ac_cv_objext=o
ac_cv_path_PKG_CONFIG=/usr/bin/pkg-config
ac_cv_path_install='/usr/bin/install -c'
ac_cv_prog_AWK=gawk
ac_cv_prog_CPP='gcc -E'
ac_cv_prog_ac_ct_CC=gcc
ac_cv_prog_cc_g=yes
ac_cv_prog_cc_stdc=
ac_cv_prog_egrep='grep -E'
ac_cv_prog_make_make_set=yes
ac_cv_type_pid_t=yes
ac_cv_type_size_t=yes
am_cv_CC_dependencies_compiler_type=gcc3

## ----------------- ##
## Output variables. ##
## ----------------- ##

ACLOCAL='${SHELL} /home/tristan/Devel/tilda/missing --run aclocal-1.9'
AMDEPBACKSLASH='\'
AMDEP_FALSE='#'
AMDEP_TRUE=''
AMTAR='${SHELL} /home/tristan/Devel/tilda/missing --run tar'
AUTOCONF='${SHELL} /home/tristan/Devel/tilda/missing --run autoconf'
AUTOHEADER='${SHELL} /home/tristan/Devel/tilda/missing --run autoheader'
AUTOMAKE='${SHELL} /home/tristan/Devel/tilda/missing --run automake-1.9'
AWK='gawk'
CC='gcc'
CCDEPMODE='depmode=gcc3'
CFLAGS='-g -O2'
CPP='gcc -E'
CPPFLAGS=''
CYGPATH_W='echo'
DEFS='-DHAVE_CONFIG_H'
DEPDIR='.deps'
ECHO_C=''
ECHO_N='-n'
ECHO_T=''
EGREP='grep -E'
EXEEXT=''
INSTALL_DATA='${INSTALL} -m 644'
INSTALL_PROGRAM='${INSTALL}'
INSTALL_SCRIPT='${INSTALL}'
INSTALL_STRIP_PROGRAM='${SHELL} $(install_sh) -c -s'
LDFLAGS=''
LIBOBJS=''
LIBS=''
LTLIBOBJS=''
MAKEINFO='${SHELL} /home/tristan/Devel/tilda/missing --run makeinfo'
OBJEXT='o'
PACKAGE='tilda'
PACKAGE_BUGREPORT='sloutri@iit.edu'
PACKAGE_CFLAGS='-DXTHREADS -D_REENTRANT -DXUSE_MTSAFE_API -pthread -I/usr/include/gtk-2.0 -I/usr/lib/gtk-2.0/include -I/usr/include/atk-1.0 -I/usr/include/pango-1.0 -I/usr/include/freetype2 -I/usr/include/freetype2/config -I/usr/include/glib-2.0 -I/usr/lib/glib-2.0/include  '
PACKAGE_LIBS='-pthread -lgthread-2.0 -lvte -lz -lncurses -lSM -lICE -lXft -lX11 -lfreetype -lXrender -lgtk-x11-2.0 -lfontconfig -lgdk-x11-2.0 -latk-1.0 -lgdk_pixbuf-2.0 -lm -lpangoxft-1.0 -lpangox-1.0 -lpango-1.0 -lgobject-2.0 -lgmodule-2.0 -ldl -lglib-2.0  '
PACKAGE_NAME='tilda'
PACKAGE_STRING='tilda 0.7'
PACKAGE_TARNAME='tilda'
PACKAGE_VERSION='0.7'
PATH_SEPARATOR=':'
PKG_CONFIG='/usr/bin/pkg-config'
POW_LIB=''
SET_MAKE=''
SHELL='/bin/sh'
STRIP=''
VERSION='0.7'
ac_ct_CC='gcc'
ac_ct_STRIP=''
am__fastdepCC_FALSE='#'
am__fastdepCC_TRUE=''
am__include='include'
am__leading_dot='.'
am__quote=''
am__tar='${AMTAR} chof - "$$tardir"'
am__untar='${AMTAR} xf -'
bindir='${exec_prefix}/bin'
build_alias=''
datadir='${prefix}/share'
exec_prefix='${prefix}'
host_alias=''
includedir='${prefix}/include'
infodir='${prefix}/info'
install_sh='/home/tristan/Devel/tilda/install-sh'
libdir='${exec_prefix}/lib'
libexecdir='${exec_prefix}/libexec'
localstatedir='${prefix}/var'
mandir='${prefix}/man'
mkdir_p='mkdir -p --'
oldincludedir='/usr/include'
prefix='/usr/local'
program_transform_name='s,x,x,'
sbindir='${exec_prefix}/sbin'
sharedstatedir='${prefix}/com'
sysconfdir='${prefix}/etc'
target_alias=''

## ----------- ##
## confdefs.h. ##
## ----------- ##

#define HAVE_FCNTL_H 1
#define HAVE_INTTYPES_H 1
#define HAVE_MALLOC 1
#define HAVE_MALLOC_H 1
#define HAVE_MEMORY_H 1
#define HAVE_MKDIR 1
#define HAVE_STDINT_H 1
#define HAVE_STDLIB_H 1
#define HAVE_STDLIB_H 1
#define HAVE_STDLIB_H 1
#define HAVE_STRCASECMP 1
#define HAVE_STRCHR 1
#define HAVE_STRINGS_H 1
#define HAVE_STRINGS_H 1
#define HAVE_STRING_H 1
#define HAVE_STRING_H 1
#define HAVE_STRNCASECMP 1
#define HAVE_STRSTR 1
#define HAVE_STRTOL 1
#define HAVE_SYS_IOCTL_H 1
#define HAVE_SYS_STAT_H 1
#define HAVE_SYS_TYPES_H 1
#define HAVE_UNISTD_H 1
#define HAVE_UNISTD_H 1
#define PACKAGE "tilda"
#define PACKAGE_BUGREPORT "sloutri@iit.edu"
#define PACKAGE_NAME "tilda"
#define PACKAGE_STRING "tilda 0.7"
#define PACKAGE_TARNAME "tilda"
#define PACKAGE_VERSION "0.7"
#define STDC_HEADERS 1
#define VERSION "0.7"

configure: exit 0
